<?xml version="1.0" encoding="UTF-8"?>
<!-- Generated by org.testng.reporters.JUnitXMLReporter -->
<testsuite ignored="3" hostname="LAPTOP-G13R1R6V" failures="0" tests="1" name="Default test" time="21.543" errors="0" timestamp="2021-10-06T23:29:00 IST">
  <testcase classname="Codeitbypradeep.selpratice.Pgmwindw" name="dlertsaa" time="21.508"/>
  <testcase classname="Codeitbypradeep.selpratice.Pgmwindw" name="blertsaa" time="0.0">
    <ignored/>
  </testcase> <!-- blertsaa -->
  <testcase classname="Codeitbypradeep.selpratice.Pgmwindw" name="alertsaa" time="0.0">
    <ignored/>
  </testcase> <!-- alertsaa -->
  <testcase classname="Codeitbypradeep.selpratice.Pgmwindw" name="clertsaa" time="0.0">
    <ignored/>
  </testcase> <!-- clertsaa -->
</testsuite> <!-- Default test -->
