<?xml version="1.0" encoding="UTF-8"?>
<!-- Generated by org.testng.reporters.JUnitXMLReporter -->
<testsuite ignored="0" hostname="LAPTOP-G13R1R6V" failures="0" tests="3" name="Tes2" time="5.995" errors="0" timestamp="2021-09-11T15:01:24 IST">
  <testcase classname="Codeitbypradeep.selpratice.AppTest" name="shouldAnswerWithTrue" time="3.097"/>
  <testcase classname="Codeitbypradeep.selpratice.AppTest" name="shouldAnswerWithTrue" time="3.11"/>
  <testcase classname="Codeitbypradeep.selpratice.AppTest" name="shouldAnswerWithTrue" time="2.89"/>
</testsuite> <!-- Tes2 -->
