<?xml version="1.0" encoding="UTF-8"?>
<!-- Generated by org.testng.reporters.JUnitXMLReporter -->
<testsuite ignored="0" hostname="LAPTOP-G13R1R6V" failures="0" tests="3" name="Tes3" time="5.81" errors="0" timestamp="2021-09-11T15:00:12 IST">
  <testcase classname="Codeitbypradeep.selpratice.AppTest" name="shouldAnswerWithTrue" time="2.92"/>
  <testcase classname="Codeitbypradeep.selpratice.AppTest" name="shouldAnswerWithTrue" time="2.985"/>
  <testcase classname="Codeitbypradeep.selpratice.AppTest" name="shouldAnswerWithTrue" time="2.876"/>
</testsuite> <!-- Tes3 -->
