<?xml version="1.0" encoding="UTF-8"?>
<!-- Generated by org.testng.reporters.JUnitXMLReporter -->
<testsuite ignored="0" hostname="LAPTOP-G13R1R6V" failures="0" tests="3" name="Test4" time="5.69" errors="0" timestamp="2021-09-11T15:01:30 IST">
  <testcase classname="Codeitbypradeep.selpratice.AppTest" name="shouldAnswerWithTrue" time="2.955"/>
  <testcase classname="Codeitbypradeep.selpratice.AppTest" name="shouldAnswerWithTrue" time="3.058"/>
  <testcase classname="Codeitbypradeep.selpratice.AppTest" name="shouldAnswerWithTrue" time="2.727"/>
</testsuite> <!-- Test4 -->
