<?xml version="1.0" encoding="UTF-8"?>
<testsuite xmlns:xsi="http://www.w3.org/2001/XMLSchema-instance" xsi:noNamespaceSchemaLocation="https://maven.apache.org/surefire/maven-surefire-plugin/xsd/surefire-test-report-3.0.xsd" version="3.0" name="TestSuite" time="29.679" tests="1" errors="0" skipped="0" failures="0">
  <properties>
[...]
</properties>
  <testcase name="runTestComponents[GER_RM_REG_16328, ./TestDataDriven/GER_RM_REG_16328.xls, Serial](1)" classname="com.qa.TestcaseExecution.Component" time="17.267">
    <system-out><![CDATA[Here
2021-10-10 08:02:57,772  INFO [main] (DriverTestNG.java:49) - Starter
New -true
2021-10-10 08:03:01,217  INFO [main] (Component.java:39) - Lanchpage - Opening SQL DB Connection
2021-10-10 08:03:01,218  INFO [main] (Component.java:44) - [Test Execute Status -YES]
2021-10-10 08:03:01,218  INFO [main] (Component.java:52) - Steps Disable - 0.0
2021-10-10 08:03:01,219  INFO [main] (Component.java:59) - Steps in Lanchpage has 1
2021-10-10 08:03:01,219  INFO [main] (Component.java:71) - Objectives Used to select the wanted Promotions
2021-10-10 08:03:01,220  INFO [main] (Component.java:241) - Lanchpage
@0@@@@@@@@@@@@@@@@@@@@@@@@@@@@@@@ 1
@1@@@@@@@@@@@@@@@@@@@@@@@@@@@@@@@ 2
@2@@@@@@@@@@@@@@@@@@@@@@@@@@@@@@@ 3
@3@@@@@@@@@@@@@@@@@@@@@@@@@@@@@@@ 4
@4@@@@@@@@@@@@@@@@@@@@@@@@@@@@@@@ 5
@5@@@@@@@@@@@@@@@@@@@@@@@@@@@@@@@ 6
&&&&&&&&&&&6
2021-10-10 08:03:01,237  INFO [main] (Funtionalibrary.java:114) - @@@#######@@@@@@@@@@@#########@@@@@@@@@@$$$$$$$$$$$$$$@@@@@@@@file:///C:/D/Backup_comp/GITHERE/DFT_prjts/Web_Develop/webcalc/index.html
2021-10-10 08:03:06,467  INFO [main] (Funtionalibrary.java:199) - Page DOM and Sourse Loading successfull 
2021-10-10 08:03:06,687  INFO [main] (Funtionalibrary.java:234) - WebElement Clicked success at [One key]
2021-10-10 08:03:17,126  INFO [main] (Funtionalibrary.java:153) - Closing Browser successful 
2021-10-10 08:03:17,128  INFO [main] (Component.java:218) - --------------------------Lanchpage Passed successfully--------------------------
2021-10-10 08:03:17,128  INFO [main] (Component.java:99) - Component Ends.

2021-10-10 08:03:18,023  INFO [main] (Component.java:109) - Component Ends.

2021-10-10 08:03:18,024  INFO [main] (Component.java:39) - SQLDB_Delete - Updating Preconditions for Registration.
2021-10-10 08:03:18,025  INFO [main] (Component.java:121) - [Test Execute Status -No]
2021-10-10 08:03:18,028  INFO [main] (Component.java:39) - Preconditions_REG_Alert - Used to update the precondition for setting the text field as Mandatory
2021-10-10 08:03:18,029  INFO [main] (Component.java:121) - [Test Execute Status -No]
2021-10-10 08:03:18,029  INFO [main] (Component.java:39) - Launch_App_CPOS - Login to CPOS
2021-10-10 08:03:18,030  INFO [main] (Component.java:121) - [Test Execute Status -No]
2021-10-10 08:03:18,031  INFO [main] (Component.java:39) - RM_GER_REG_16328 - Verify Registration is sucessfull by providing valid data in Registration Manager page.
2021-10-10 08:03:18,031  INFO [main] (Component.java:121) - [Test Execute Status -No]
2021-10-10 08:03:18,032  INFO [main] (Component.java:39) - RM_GER_VAL_16328 - Verify Registration is sucessfull by providing valid data in Registration Manager page.
2021-10-10 08:03:18,032  INFO [main] (Component.java:121) - [Test Execute Status -No]
2021-10-10 08:03:18,032  INFO [main] (Component.java:39) - RM_GER_FINAL_16328 - Verify Registration is sucessfull by providing valid data in Registration Manager page.
2021-10-10 08:03:18,033  INFO [main] (Component.java:121) - [Test Execute Status -No]
2021-10-10 08:03:18,033  INFO [main] (Component.java:39) - DB_COMMON_POSTCONDITION - Verify the postconditions after successful registration.
2021-10-10 08:03:18,033  INFO [main] (Component.java:121) - [Test Execute Status -No]
]]></system-out>
    <system-err><![CDATA[SLF4J: Failed to load class "org.slf4j.impl.StaticLoggerBinder".
SLF4J: Defaulting to no-operation (NOP) logger implementation
SLF4J: See http://www.slf4j.org/codes.html#StaticLoggerBinder for further details.
Starting ChromeDriver 94.0.4606.61 (418b78f5838ed0b1c69bb4e51ea0252171854915-refs/branch-heads/4606@{#1204}) on port 9783
Only local connections are allowed.
Please see https://chromedriver.chromium.org/security-considerations for suggestions on keeping ChromeDriver safe.
ChromeDriver was started successfully.
Oct 10, 2021 8:03:05 AM org.openqa.selenium.remote.ProtocolHandshake createSession
INFO: Detected dialect: W3C
]]></system-err>
  </testcase>
</testsuite>