<?xml version="1.0" encoding="UTF-8"?>
<testng-results ignored="3" total="4" passed="1" failed="0" skipped="0">
  <reporter-output>
  </reporter-output>
  <suite started-at="2021-10-06T23:28:38 IST" name="Default suite" finished-at="2021-10-06T23:29:00 IST" duration-ms="21543">
    <groups>
    </groups>
    <test started-at="2021-10-06T23:28:38 IST" name="Default test" finished-at="2021-10-06T23:29:00 IST" duration-ms="21543">
      <class name="Codeitbypradeep.selpratice.Pgmwindw">
        <test-method signature="dlertsaa()[pri:0, instance:Codeitbypradeep.selpratice.Pgmwindw@58d75e99]" started-at="2021-10-06T23:28:39 IST" name="dlertsaa" finished-at="2021-10-06T23:29:00 IST" duration-ms="21508" status="PASS">
          <reporter-output>
          </reporter-output>
        </test-method> <!-- dlertsaa -->
      </class> <!-- Codeitbypradeep.selpratice.Pgmwindw -->
    </test> <!-- Default test -->
  </suite> <!-- Default suite -->
</testng-results>
